Flappydoom/Flappydoom/app/build/intermediates/manifest_merge_blame_file/arm8Debug/manifest-merger-blame-arm8-debug-report.txt
1<?xml version="1.0" encoding="utf-8"?>
2<manifest xmlns:android="http://schemas.android.com/apk/res/android"
3    package="com.Flappydoom"
4    android:versionCode="1"
5    android:versionName="1.0" >
6
7    <uses-sdk
8        android:minSdkVersion="21"
8-->src\main\AndroidManifest.xml
9        android:targetSdkVersion="32" />
9-->src\main\AndroidManifest.xml
10
11    <application
11-->src\main\AndroidManifest.xml:6:3-22:17
12        android:allowBackup="false"
12-->src\main\AndroidManifest.xml:7:7-34
13        android:debuggable="true"
14        android:label="@string/app_name" >
14-->src\main\AndroidManifest.xml:8:7-39
15        <activity
15-->src\main\AndroidManifest.xml:9:5-21:16
16            android:name="android.app.NativeActivity"
16-->src\main\AndroidManifest.xml:9:15-56
17            android:exported="true"
17-->src\main\AndroidManifest.xml:10:15-38
18            android:label="@string/app_name"
18-->src\main\AndroidManifest.xml:11:15-47
19            android:screenOrientation="landscape" >
19-->src\main\AndroidManifest.xml:12:12-49
20            <meta-data
20-->src\main\AndroidManifest.xml:14:2-15:50
21                android:name="android.app.lib_name"
21-->src\main\AndroidManifest.xml:14:13-48
22                android:value="Flappydoom" />
22-->src\main\AndroidManifest.xml:15:21-47
23
24            <intent-filter>
24-->src\main\AndroidManifest.xml:17:7-20:23
25                <action android:name="android.intent.action.MAIN" />
25-->src\main\AndroidManifest.xml:18:9-61
25-->src\main\AndroidManifest.xml:18:17-58
26
27                <category android:name="android.intent.category.LAUNCHER" />
27-->src\main\AndroidManifest.xml:19:9-69
27-->src\main\AndroidManifest.xml:19:19-66
28            </intent-filter>
29        </activity>
30    </application>
31
32</manifest>